#
# There is insufficient memory for the Java Runtime Environment to continue.
# Native memory allocation (mmap) failed to map 264241152 bytes for G1 virtual space
# Possible reasons:
#   The system is out of physical RAM or swap space
#   The process is running with CompressedOops enabled, and the Java Heap may be blocking the growth of the native heap
# Possible solutions:
#   Reduce memory load on the system
#   Increase physical memory or swap space
#   Check if swap backing store is full
#   Decrease Java heap size (-Xmx/-Xms)
#   Decrease number of Java threads
#   Decrease Java thread stack sizes (-Xss)
#   Set larger code cache with -XX:ReservedCodeCacheSize=
#   JVM is running with Zero Based Compressed Oops mode in which the Java heap is
#     placed in the first 32GB address space. The Java Heap base address is the
#     maximum limit for the native heap growth. Please use -XX:HeapBaseMinAddress
#     to set the Java Heap base and to place the Java Heap above 32GB virtual address.
# This output file may be truncated or incomplete.
#
#  Out of Memory Error (os_windows.cpp:3769), pid=21808, tid=1984
#
# JRE version:  (17.0.6+10) (build )
# Java VM: OpenJDK 64-Bit Server VM (17.0.6+10-b829.5, mixed mode, sharing, tiered, compressed oops, compressed class ptrs, g1 gc, windows-amd64)
# No core dump will be written. Minidumps are not enabled by default on client versions of Windows
#

---------------  S U M M A R Y ------------

Command Line: -Dfile.encoding=GBK D:\ProgramData\HarmonyOS\SdkNext\HarmonyOS-NEXT-DP2\base\toolchains\lib\app_packing_tool.jar --mode hap --force true --lib-path D:\Workspaces\DevecoNext\Sample1_5\entry\build\default\intermediates\stripped_native_libs\default --json-path D:\Workspaces\DevecoNext\Sample1_5\entry\build\default\intermediates\res\default\module.json --resources-path D:\Workspaces\DevecoNext\Sample1_5\entry\build\default\intermediates\res\default\resources --index-path D:\Workspaces\DevecoNext\Sample1_5\entry\build\default\intermediates\res\default\resources.index --pack-info-path D:\Workspaces\DevecoNext\Sample1_5\entry\build\default\outputs\default\pack.info --out-path D:\Workspaces\DevecoNext\Sample1_5\entry\build\default\outputs\default\entry-default-unsigned.hap --ets-path D:\Workspaces\DevecoNext\Sample1_5\entry\build\default\intermediates\loader_out\default\ets

Host: 12th Gen Intel(R) Core(TM) i7-12700H, 20 cores, 15G,  Windows 11 , 64 bit Build 22621 (10.0.22621.3374)
Time: Sat Apr 13 14:34:09 2024  Windows 11 , 64 bit Build 22621 (10.0.22621.3374) elapsed time: 0.008200 seconds (0d 0h 0m 0s)

---------------  T H R E A D  ---------------

Current thread (0x00000224d5777ef0):  JavaThread "Unknown thread" [_thread_in_vm, id=1984, stack(0x00000099f5000000,0x00000099f5100000)]

Stack: [0x00000099f5000000,0x00000099f5100000]
Native frames: (J=compiled Java code, j=interpreted, Vv=VM code, C=native code)
V  [jvm.dll+0x683b4a]
V  [jvm.dll+0x842654]
V  [jvm.dll+0x843dfe]
V  [jvm.dll+0x844463]
V  [jvm.dll+0x249b75]
V  [jvm.dll+0x680a19]
V  [jvm.dll+0x674f0a]
V  [jvm.dll+0x309acb]
V  [jvm.dll+0x310f86]
V  [jvm.dll+0x3608ee]
V  [jvm.dll+0x360b1f]
V  [jvm.dll+0x2dfbf8]
V  [jvm.dll+0x2e0b64]
V  [jvm.dll+0x813f41]
V  [jvm.dll+0x36e6a1]
V  [jvm.dll+0x7f347c]
V  [jvm.dll+0x3f0e8f]
V  [jvm.dll+0x3f29d1]
C  [jli.dll+0x526b]
C  [ucrtbase.dll+0x29333]
C  [KERNEL32.DLL+0x1257d]
C  [ntdll.dll+0x5aa48]


---------------  P R O C E S S  ---------------

Threads class SMR info:
_java_thread_list=0x00007ffab9a9c058, length=0, elements={
}

Java Threads: ( => current thread )

Other Threads:
  0x00000224d57e11d0 GCTaskThread "GC Thread#0" [stack: 0x00000099f5100000,0x00000099f5200000] [id=21072]
  0x00000224d57f1cd0 ConcurrentGCThread "G1 Main Marker" [stack: 0x00000099f5200000,0x00000099f5300000] [id=16184]
  0x00000224d57f26e0 ConcurrentGCThread "G1 Conc#0" [stack: 0x00000099f5300000,0x00000099f5400000] [id=7672]

[error occurred during error reporting (printing all threads), id 0xc0000005, EXCEPTION_ACCESS_VIOLATION (0xc0000005) at pc=0x00007ffab9250797]

VM state: not at safepoint (not fully initialized)

VM Mutex/Monitor currently owned by a thread:  ([mutex/lock_event])
[0x00000224d5776f50] Heap_lock - owner thread: 0x00000224d5777ef0

Heap address: 0x0000000704400000, size: 4028 MB, Compressed Oops mode: Zero based, Oop shift amount: 3

CDS archive(s) mapped at: [0x0000000000000000-0x0000000000000000-0x0000000000000000), size 0, SharedBaseAddress: 0x0000000800000000, ArchiveRelocationMode: 0.
Narrow klass base: 0x0000000000000000, Narrow klass shift: 0, Narrow klass range: 0x0

GC Precious Log:
<Empty>

Heap:
 garbage-first heap   total 0K, used 0K [0x0000000704400000, 0x0000000800000000)
  region size 2048K, 0 young (0K), 0 survivors (0K)

[error occurred during error reporting (printing heap information), id 0xc0000005, EXCEPTION_ACCESS_VIOLATION (0xc0000005) at pc=0x00007ffab963d939]

GC Heap History (0 events):
No events

Dll operation events (1 events):
Event: 0.005 Loaded shared library D:\ProgramSoft\DevEcoStudioNext\DevEco Studio\jbr\bin\java.dll

Deoptimization events (0 events):
No events

Classes unloaded (0 events):
No events

Classes redefined (0 events):
No events

Internal exceptions (0 events):
No events

VM Operations (0 events):
No events

Events (0 events):
No events


Dynamic libraries:
0x00007ff7856d0000 - 0x00007ff7856da000 	D:\ProgramSoft\DevEcoStudioNext\DevEco Studio\jbr\bin\java.exe
0x00007ffb33210000 - 0x00007ffb33426000 	C:\WINDOWS\SYSTEM32\ntdll.dll
0x00007ffb328f0000 - 0x00007ffb329b4000 	C:\WINDOWS\System32\KERNEL32.DLL
0x00007ffb307d0000 - 0x00007ffb30b77000 	C:\WINDOWS\System32\KERNELBASE.dll
0x00007ffb30e20000 - 0x00007ffb30f31000 	C:\WINDOWS\System32\ucrtbase.dll
0x00007ffb28af0000 - 0x00007ffb28b07000 	D:\ProgramSoft\DevEcoStudioNext\DevEco Studio\jbr\bin\jli.dll
0x00007ffb279d0000 - 0x00007ffb279eb000 	D:\ProgramSoft\DevEcoStudioNext\DevEco Studio\jbr\bin\VCRUNTIME140.dll
0x00007ffb320e0000 - 0x00007ffb3228e000 	C:\WINDOWS\System32\USER32.dll
0x00007ffb305d0000 - 0x00007ffb305f6000 	C:\WINDOWS\System32\win32u.dll
0x00007ffb30f70000 - 0x00007ffb30f99000 	C:\WINDOWS\System32\GDI32.dll
0x00007ffb10b40000 - 0x00007ffb10dd3000 	C:\WINDOWS\WinSxS\amd64_microsoft.windows.common-controls_6595b64144ccf1df_6.0.22621.3235_none_270f74e173860f98\COMCTL32.dll
0x00007ffb306b0000 - 0x00007ffb307c9000 	C:\WINDOWS\System32\gdi32full.dll
0x00007ffb31a90000 - 0x00007ffb31b37000 	C:\WINDOWS\System32\msvcrt.dll
0x00007ffb30530000 - 0x00007ffb305ca000 	C:\WINDOWS\System32\msvcp_win.dll
0x00007ffb32ee0000 - 0x00007ffb32f11000 	C:\WINDOWS\System32\IMM32.DLL
0x00007ffb29ae0000 - 0x00007ffb29aec000 	D:\ProgramSoft\DevEcoStudioNext\DevEco Studio\jbr\bin\vcruntime140_1.dll
0x00007ffaf1c90000 - 0x00007ffaf1d1d000 	D:\ProgramSoft\DevEcoStudioNext\DevEco Studio\jbr\bin\msvcp140.dll
0x00007ffab8f60000 - 0x00007ffab9bcd000 	D:\ProgramSoft\DevEcoStudioNext\DevEco Studio\jbr\bin\server\jvm.dll
0x00007ffb32e20000 - 0x00007ffb32ed2000 	C:\WINDOWS\System32\ADVAPI32.dll
0x00007ffb31180000 - 0x00007ffb31228000 	C:\WINDOWS\System32\sechost.dll
0x00007ffb30680000 - 0x00007ffb306a8000 	C:\WINDOWS\System32\bcrypt.dll
0x00007ffb330b0000 - 0x00007ffb331c5000 	C:\WINDOWS\System32\RPCRT4.dll
0x00007ffafcf90000 - 0x00007ffafcf99000 	C:\WINDOWS\SYSTEM32\WSOCK32.dll
0x00007ffb33030000 - 0x00007ffb330a1000 	C:\WINDOWS\System32\WS2_32.dll
0x00007ffb1c0b0000 - 0x00007ffb1c0ba000 	C:\WINDOWS\SYSTEM32\VERSION.dll
0x00007ffb27870000 - 0x00007ffb278a4000 	C:\WINDOWS\SYSTEM32\WINMM.dll
0x00007ffb2f630000 - 0x00007ffb2f648000 	C:\WINDOWS\SYSTEM32\kernel.appcore.dll
0x00007ffb175a0000 - 0x00007ffb175aa000 	D:\ProgramSoft\DevEcoStudioNext\DevEco Studio\jbr\bin\jimage.dll
0x00007ffb2dbb0000 - 0x00007ffb2dde3000 	C:\WINDOWS\SYSTEM32\DBGHELP.DLL
0x00007ffb32290000 - 0x00007ffb32618000 	C:\WINDOWS\System32\combase.dll
0x00007ffb310a0000 - 0x00007ffb31177000 	C:\WINDOWS\System32\OLEAUT32.dll
0x00007ffb1f710000 - 0x00007ffb1f742000 	C:\WINDOWS\SYSTEM32\dbgcore.DLL
0x00007ffb30600000 - 0x00007ffb30679000 	C:\WINDOWS\System32\bcryptPrimitives.dll
0x00007ffb17570000 - 0x00007ffb17595000 	D:\ProgramSoft\DevEcoStudioNext\DevEco Studio\jbr\bin\java.dll

dbghelp: loaded successfully - version: 4.0.5 - missing functions: none
symbol engine: initialized successfully - sym options: 0x614 - pdb path: .;D:\ProgramSoft\DevEcoStudioNext\DevEco Studio\jbr\bin;C:\WINDOWS\SYSTEM32;C:\WINDOWS\WinSxS\amd64_microsoft.windows.common-controls_6595b64144ccf1df_6.0.22621.3235_none_270f74e173860f98;D:\ProgramSoft\DevEcoStudioNext\DevEco Studio\jbr\bin\server

VM Arguments:
jvm_args: -Dfile.encoding=GBK 
java_command: D:\ProgramData\HarmonyOS\SdkNext\HarmonyOS-NEXT-DP2\base\toolchains\lib\app_packing_tool.jar --mode hap --force true --lib-path D:\Workspaces\DevecoNext\Sample1_5\entry\build\default\intermediates\stripped_native_libs\default --json-path D:\Workspaces\DevecoNext\Sample1_5\entry\build\default\intermediates\res\default\module.json --resources-path D:\Workspaces\DevecoNext\Sample1_5\entry\build\default\intermediates\res\default\resources --index-path D:\Workspaces\DevecoNext\Sample1_5\entry\build\default\intermediates\res\default\resources.index --pack-info-path D:\Workspaces\DevecoNext\Sample1_5\entry\build\default\outputs\default\pack.info --out-path D:\Workspaces\DevecoNext\Sample1_5\entry\build\default\outputs\default\entry-default-unsigned.hap --ets-path D:\Workspaces\DevecoNext\Sample1_5\entry\build\default\intermediates\loader_out\default\ets
java_class_path (initial): D:\ProgramData\HarmonyOS\SdkNext\HarmonyOS-NEXT-DP2\base\toolchains\lib\app_packing_tool.jar
Launcher Type: SUN_STANDARD

[Global flags]
     intx CICompilerCount                          = 12                                        {product} {ergonomic}
     uint ConcGCThreads                            = 4                                         {product} {ergonomic}
     uint G1ConcRefinementThreads                  = 15                                        {product} {ergonomic}
   size_t G1HeapRegionSize                         = 2097152                                   {product} {ergonomic}
    uintx GCDrainStackTargetSize                   = 64                                        {product} {ergonomic}
   size_t InitialHeapSize                          = 264241152                                 {product} {ergonomic}
   size_t MarkStackSize                            = 4194304                                   {product} {ergonomic}
   size_t MaxHeapSize                              = 4223664128                                {product} {ergonomic}
   size_t MinHeapDeltaBytes                        = 2097152                                   {product} {ergonomic}
   size_t MinHeapSize                              = 8388608                                   {product} {ergonomic}
    uintx NonNMethodCodeHeapSize                   = 7602480                                {pd product} {ergonomic}
    uintx NonProfiledCodeHeapSize                  = 122027880                              {pd product} {ergonomic}
    uintx ProfiledCodeHeapSize                     = 122027880                              {pd product} {ergonomic}
    uintx ReservedCodeCacheSize                    = 251658240                              {pd product} {ergonomic}
     bool SegmentedCodeCache                       = true                                      {product} {ergonomic}
   size_t SoftMaxHeapSize                          = 4223664128                             {manageable} {ergonomic}
     bool UseCompressedClassPointers               = true                           {product lp64_product} {ergonomic}
     bool UseCompressedOops                        = true                           {product lp64_product} {ergonomic}
     bool UseG1GC                                  = true                                      {product} {ergonomic}
     bool UseLargePagesIndividualAllocation        = false                                  {pd product} {ergonomic}

Logging:
Log output configuration:
 #0: stdout all=warning uptime,level,tags
 #1: stderr all=off uptime,level,tags

Environment Variables:
JAVA_HOME=D:\ProgramSoft\DevEcoStudioNext\DevEco Studio\jbr
PATH=D:\ProgramSoft\DevEcoStudioNext\DevEco Studio\jbr\bin;D:/ProgramSoft/Node/node-18.14.1;D:\Phoenix\Tool\apache-maven-3.8.4\bin;C:\ProgramData\Oracle\Java\javapath;C:\Windows\system32;C:\Windows;C:\Windows\System32\Wbem;C:\Windows\System32\WindowsPowerShell\v1.0\;C:\Windows\System32\OpenSSH\;C:\Program Files (x86)\NVIDIA Corporation\PhysX\Common;C:\Program Files\NVIDIA Corporation\NVIDIA NvDLISR;C:\WINDOWS\system32;C:\WINDOWS;C:\WINDOWS\System32\Wbem;C:\WINDOWS\System32\WindowsPowerShell\v1.0\;C:\WINDOWS\System32\OpenSSH\;C:\Program Files\Git\cmd;C:\Program Files\nodejs\;D:\Softstore\scrcpy-win64-v1.24;C:\Program Files (x86)\NetSarang\Xshell 7\;C:\Program Files\Pandoc\;D:\ProgramSoft\ohpm\bin;D:\ProgramData\HarmonyOS\Sdk\hmscore\3.1.0\toolchains;D:\ProgramSoft\Node\node-18.14.1;C:\Users\armyq\AppData\Local\Microsoft\WindowsApps;;%DevEco Studio%;C:\Program Files\JetBrains\IntelliJ IDEA 2019.1.4\bin;;C:\Users\armyq\AppData\Roaming\npm;C:\Users\armyq\AppData\Local\Programs\Microsoft VS Code\bin;C:\Users\armyq\AppData\Local\Programs\Quick App IDE\bin;D:\ProgramSoft\Node\node-18.14.1;D:\ProgramSoft\DevEcoStudioNext\DevEco Studio\jbr\bin;D:\Phoenix\Tool\apache-maven-3.8.4\bin;C:\ProgramData\Oracle\Java\javapath;C:\Windows\system32;C:\Windows;C:\Windows\System32\Wbem;C:\Windows\System32\WindowsPowerShell\v1.0\;C:\Windows\System32\OpenSSH\;C:\Program Files (x86)\NVIDIA Corporation\PhysX\Common;C:\Program Files\NVIDIA Corporation\NVIDIA NvDLISR;C:\WINDOWS\system32;C:\WINDOWS;C:\WINDOWS\System32\Wbem;C:\WINDOWS\System32\WindowsPowerShell\v1.0\;C:\WINDOWS\System32\OpenSSH\;C:\Program Files\Git\cmd;C:\Program Files\nodejs\;D:\Softstore\scrcpy-win64-v1.24;C:\Program Files (x86)\NetSarang\Xshell 7\;C:\Program Files\Pandoc\;D:\ProgramSoft\ohpm\bin;D:\ProgramData\HarmonyOS\Sdk\hmscore\3.1.0\toolchains;D:\ProgramSoft\Node\node-18.14.1;C:\Users\armyq\AppData\Local\Microsoft\WindowsApps;;%DevEco Studio%;C:\Program Files\JetBrains\IntelliJ IDEA 2019.1.4\bin;;C:\Users\armyq\AppData\Roam
USERNAME=armyq
OS=Windows_NT
PROCESSOR_IDENTIFIER=Intel64 Family 6 Model 154 Stepping 3, GenuineIntel
TMP=C:\Users\armyq\AppData\Local\Temp
TEMP=C:\Users\armyq\AppData\Local\Temp



---------------  S Y S T E M  ---------------

OS:
 Windows 11 , 64 bit Build 22621 (10.0.22621.3374)
OS uptime: 5 days 15:25 hours
Hyper-V role detected

CPU: total 20 (initial active 20) (10 cores per cpu, 2 threads per core) family 6 model 154 stepping 3 microcode 0x428, cx8, cmov, fxsr, ht, mmx, 3dnowpref, sse, sse2, sse3, ssse3, sse4.1, sse4.2, popcnt, lzcnt, tsc, tscinvbit, avx, avx2, aes, erms, clmul, bmi1, bmi2, adx, sha, fma, vzeroupper, clflush, clflushopt, clwb, hv

Memory: 4k page, system-wide physical 16109M (652M free)
TotalPageFile size 24109M (AvailPageFile size 44M)
current process WorkingSet (physical memory assigned to process): 11M, peak: 11M
current process commit charge ("private bytes"): 75M, peak: 327M

vm_info: OpenJDK 64-Bit Server VM (17.0.6+10-b829.5) for windows-amd64 JRE (17.0.6+10-b829.5), built on 2023-02-24 by "builduser" with MS VC++ 16.10 / 16.11 (VS2019)

END.
